<?xml version="1.0" encoding="UTF-8"?>
<!-- Generated by org.testng.reporters.JUnitXMLReporter -->
<testsuite ignored="0" hostname="LAPTOP-C5FS5F1J" failures="0" tests="4" name="Default test" time="9.028" errors="0" timestamp="2021-09-04T12:20:42 IST">
  <testcase classname="TestNG.Priority_In_testNG" name="test" time="1.848"/>
  <testcase classname="TestNG.Priority_In_testNG" name="launchGoogle" time="1.721"/>
  <testcase classname="TestNG.Priority_In_testNG" name="peformSeachAndClick1stLink" time="1.328"/>
  <testcase classname="TestNG.Priority_In_testNG" name="FacebookPageTitleVerification" time="4.087"/>
</testsuite> <!-- Default test -->
