<?xml version="1.0" encoding="UTF-8"?>
<!-- Generated by org.testng.reporters.JUnitXMLReporter -->
<testsuite hostname="LAPTOP-C5FS5F1J" failures="0" tests="4" name="Test" time="10.302" errors="0" timestamp="4 Sep 2021 06:33:59 GMT">
  <testcase classname="TestNG.Priority_In_testNG" name="test" time="2.218"/>
  <testcase classname="TestNG.Priority_In_testNG" name="launchGoogle" time="2.347"/>
  <testcase classname="TestNG.Priority_In_testNG" name="peformSeachAndClick1stLink" time="1.638"/>
  <testcase classname="TestNG.Priority_In_testNG" name="FacebookPageTitleVerification" time="4.085"/>
</testsuite> <!-- Test -->
