<?xml version="1.0" encoding="UTF-8"?>
<testng-results total="4" passed="4" failed="0" skipped="0">
  <reporter-output>
  </reporter-output>
  <suite started-at="2021-09-04T06:33:49Z" name="Suite" finished-at="2021-09-04T06:33:59Z" duration-ms="10302">
    <groups>
    </groups>
    <test started-at="2021-09-04T06:33:49Z" name="Test" finished-at="2021-09-04T06:33:59Z" duration-ms="10302">
      <class name="TestNG.Priority_In_testNG">
        <test-method signature="test()[pri:0, instance:TestNG.Priority_In_testNG@1672fe87]" started-at="2021-09-04T12:03:49Z" name="test" finished-at="2021-09-04T12:03:51Z" duration-ms="2218" status="PASS">
          <reporter-output>
          </reporter-output>
        </test-method> <!-- test -->
        <test-method signature="launchGoogle()[pri:0, instance:TestNG.Priority_In_testNG@1672fe87]" started-at="2021-09-04T12:03:51Z" name="launchGoogle" finished-at="2021-09-04T12:03:53Z" duration-ms="2347" status="PASS">
          <reporter-output>
          </reporter-output>
        </test-method> <!-- launchGoogle -->
        <test-method signature="peformSeachAndClick1stLink()[pri:0, instance:TestNG.Priority_In_testNG@1672fe87]" started-at="2021-09-04T12:03:53Z" name="peformSeachAndClick1stLink" finished-at="2021-09-04T12:03:55Z" duration-ms="1638" status="PASS">
          <reporter-output>
          </reporter-output>
        </test-method> <!-- peformSeachAndClick1stLink -->
        <test-method signature="FacebookPageTitleVerification()[pri:0, instance:TestNG.Priority_In_testNG@1672fe87]" started-at="2021-09-04T12:03:55Z" name="FacebookPageTitleVerification" finished-at="2021-09-04T12:03:59Z" duration-ms="4085" status="PASS">
          <reporter-output>
          </reporter-output>
        </test-method> <!-- FacebookPageTitleVerification -->
      </class> <!-- TestNG.Priority_In_testNG -->
    </test> <!-- Test -->
  </suite> <!-- Suite -->
</testng-results>
