<?xml version="1.0" encoding="UTF-8"?>
<testng-results ignored="0" total="4" passed="4" failed="0" skipped="0">
  <reporter-output>
  </reporter-output>
  <suite started-at="2021-09-04T12:20:33 IST" name="Default suite" finished-at="2021-09-04T12:20:42 IST" duration-ms="9028">
    <groups>
    </groups>
    <test started-at="2021-09-04T12:20:33 IST" name="Default test" finished-at="2021-09-04T12:20:42 IST" duration-ms="9028">
      <class name="TestNG.Priority_In_testNG">
        <test-method signature="test()[pri:1, instance:TestNG.Priority_In_testNG@235ecd9f]" started-at="2021-09-04T12:20:33 IST" name="test" finished-at="2021-09-04T12:20:35 IST" duration-ms="1848" status="PASS">
          <reporter-output>
          </reporter-output>
        </test-method> <!-- test -->
        <test-method signature="launchGoogle()[pri:2, instance:TestNG.Priority_In_testNG@235ecd9f]" started-at="2021-09-04T12:20:35 IST" name="launchGoogle" finished-at="2021-09-04T12:20:37 IST" duration-ms="1721" status="PASS">
          <reporter-output>
          </reporter-output>
        </test-method> <!-- launchGoogle -->
        <test-method signature="peformSeachAndClick1stLink()[pri:3, instance:TestNG.Priority_In_testNG@235ecd9f]" started-at="2021-09-04T12:20:37 IST" name="peformSeachAndClick1stLink" finished-at="2021-09-04T12:20:38 IST" duration-ms="1328" status="PASS">
          <reporter-output>
          </reporter-output>
        </test-method> <!-- peformSeachAndClick1stLink -->
        <test-method signature="FacebookPageTitleVerification()[pri:4, instance:TestNG.Priority_In_testNG@235ecd9f]" started-at="2021-09-04T12:20:38 IST" name="FacebookPageTitleVerification" finished-at="2021-09-04T12:20:42 IST" duration-ms="4087" status="PASS">
          <reporter-output>
          </reporter-output>
        </test-method> <!-- FacebookPageTitleVerification -->
      </class> <!-- TestNG.Priority_In_testNG -->
    </test> <!-- Default test -->
  </suite> <!-- Default suite -->
</testng-results>
